-- The C compiler identification is GNU 11.4.0
-- The CXX compiler identification is GNU 11.4.0
-- Detecting C compiler ABI info
-- Detecting C compiler ABI info - done
-- Check for working C compiler: /usr/bin/cc - skipped
-- Detecting C compile features
-- Detecting C compile features - done
-- Detecting CXX compiler ABI info
-- Detecting CXX compiler ABI info - done
-- Check for working CXX compiler: /usr/bin/c++ - skipped
-- Detecting CXX compile features
-- Detecting CXX compile features - done
-- Found ament_cmake: 1.3.12 (/opt/ros/humble/share/ament_cmake/cmake)
-- Found Python3: /usr/bin/python3 (found version "3.10.12") found components: Interpreter 
-- Found rclcpp: 16.0.14 (/opt/ros/humble/share/rclcpp/cmake)
-- Found rosidl_generator_c: 3.1.7 (/opt/ros/humble/share/rosidl_generator_c/cmake)
-- Found rosidl_adapter: 3.1.7 (/opt/ros/humble/share/rosidl_adapter/cmake)
-- Found rosidl_generator_cpp: 3.1.7 (/opt/ros/humble/share/rosidl_generator_cpp/cmake)
-- Using all available rosidl_typesupport_c: rosidl_typesupport_fastrtps_c;rosidl_typesupport_introspection_c
-- Using all available rosidl_typesupport_cpp: rosidl_typesupport_fastrtps_cpp;rosidl_typesupport_introspection_cpp
-- Found rmw_implementation_cmake: 6.1.2 (/opt/ros/humble/share/rmw_implementation_cmake/cmake)
-- Found rmw_fastrtps_cpp: 6.2.8 (/opt/ros/humble/share/rmw_fastrtps_cpp/cmake)
-- Found OpenSSL: /usr/lib/x86_64-linux-gnu/libcrypto.so (found version "3.0.2")  
-- Found FastRTPS: /opt/ros/humble/include  
-- Using RMW implementation 'rmw_fastrtps_cpp' as default
-- Looking for pthread.h
-- Looking for pthread.h - found
-- Performing Test CMAKE_HAVE_LIBC_PTHREAD
-- Performing Test CMAKE_HAVE_LIBC_PTHREAD - Success
-- Found Threads: TRUE  
-- Found rclpy: 3.3.17 (/opt/ros/humble/share/rclpy/cmake)
-- Found ament_lint_auto: 0.12.14 (/opt/ros/humble/share/ament_lint_auto/cmake)
-- Added test 'copyright' to check source files copyright and LICENSE
-- Added test 'flake8' to check Python code syntax and style conventions
-- Added test 'lint_cmake' to check CMake code style
-- Added test 'pep257' to check Python code against some of the docstring style conventions in PEP 257
-- Added test 'xmllint' to check XML markup files
-- Configuring done
-- Generating done
-- Build files have been written to: /home/asimov/pickplace-rl-mobile/build/pickplace_rl_mobile
Built target ament_cmake_python_copy_pickplace_rl_mobile
Built target ament_cmake_python_copy_pickplace_rl_mobile_setup
running egg_info
creating pickplace_rl_mobile.egg-info
writing pickplace_rl_mobile.egg-info/PKG-INFO
writing dependency_links to pickplace_rl_mobile.egg-info/dependency_links.txt
writing top-level names to pickplace_rl_mobile.egg-info/top_level.txt
writing manifest file 'pickplace_rl_mobile.egg-info/SOURCES.txt'
reading manifest file 'pickplace_rl_mobile.egg-info/SOURCES.txt'
writing manifest file 'pickplace_rl_mobile.egg-info/SOURCES.txt'
Built target ament_cmake_python_build_pickplace_rl_mobile_egg
-- Install configuration: ""
-- Installing: /home/asimov/pickplace-rl-mobile/install/pickplace_rl_mobile/share/pickplace_rl_mobile/environment/pythonpath.sh
-- Installing: /home/asimov/pickplace-rl-mobile/install/pickplace_rl_mobile/share/pickplace_rl_mobile/environment/pythonpath.dsv
-- Installing: /home/asimov/pickplace-rl-mobile/install/pickplace_rl_mobile/local/lib/python3.10/dist-packages/pickplace_rl_mobile-0.0.1-py3.10.egg-info
-- Installing: /home/asimov/pickplace-rl-mobile/install/pickplace_rl_mobile/local/lib/python3.10/dist-packages/pickplace_rl_mobile-0.0.1-py3.10.egg-info/PKG-INFO
-- Installing: /home/asimov/pickplace-rl-mobile/install/pickplace_rl_mobile/local/lib/python3.10/dist-packages/pickplace_rl_mobile-0.0.1-py3.10.egg-info/dependency_links.txt
-- Installing: /home/asimov/pickplace-rl-mobile/install/pickplace_rl_mobile/local/lib/python3.10/dist-packages/pickplace_rl_mobile-0.0.1-py3.10.egg-info/top_level.txt
-- Installing: /home/asimov/pickplace-rl-mobile/install/pickplace_rl_mobile/local/lib/python3.10/dist-packages/pickplace_rl_mobile-0.0.1-py3.10.egg-info/SOURCES.txt
-- Installing: /home/asimov/pickplace-rl-mobile/install/pickplace_rl_mobile/local/lib/python3.10/dist-packages/pickplace_rl_mobile
-- Installing: /home/asimov/pickplace-rl-mobile/install/pickplace_rl_mobile/local/lib/python3.10/dist-packages/pickplace_rl_mobile/__init__.py
Listing '/home/asimov/pickplace-rl-mobile/install/pickplace_rl_mobile/local/lib/python3.10/dist-packages/pickplace_rl_mobile'...
Compiling '/home/asimov/pickplace-rl-mobile/install/pickplace_rl_mobile/local/lib/python3.10/dist-packages/pickplace_rl_mobile/__init__.py'...
-- Installing: /home/asimov/pickplace-rl-mobile/install/pickplace_rl_mobile/share/pickplace_rl_mobile//launch
-- Installing: /home/asimov/pickplace-rl-mobile/install/pickplace_rl_mobile/share/pickplace_rl_mobile//launch/display_launch.py
-- Installing: /home/asimov/pickplace-rl-mobile/install/pickplace_rl_mobile/share/pickplace_rl_mobile//urdf
-- Installing: /home/asimov/pickplace-rl-mobile/install/pickplace_rl_mobile/share/pickplace_rl_mobile//urdf/pickplace_mobile_arm.urdf
-- Installing: /home/asimov/pickplace-rl-mobile/install/pickplace_rl_mobile/share/ament_index/resource_index/package_run_dependencies/pickplace_rl_mobile
-- Installing: /home/asimov/pickplace-rl-mobile/install/pickplace_rl_mobile/share/ament_index/resource_index/parent_prefix_path/pickplace_rl_mobile
-- Installing: /home/asimov/pickplace-rl-mobile/install/pickplace_rl_mobile/share/pickplace_rl_mobile/environment/ament_prefix_path.sh
-- Installing: /home/asimov/pickplace-rl-mobile/install/pickplace_rl_mobile/share/pickplace_rl_mobile/environment/ament_prefix_path.dsv
-- Installing: /home/asimov/pickplace-rl-mobile/install/pickplace_rl_mobile/share/pickplace_rl_mobile/environment/path.sh
-- Installing: /home/asimov/pickplace-rl-mobile/install/pickplace_rl_mobile/share/pickplace_rl_mobile/environment/path.dsv
-- Installing: /home/asimov/pickplace-rl-mobile/install/pickplace_rl_mobile/share/pickplace_rl_mobile/local_setup.bash
-- Installing: /home/asimov/pickplace-rl-mobile/install/pickplace_rl_mobile/share/pickplace_rl_mobile/local_setup.sh
-- Installing: /home/asimov/pickplace-rl-mobile/install/pickplace_rl_mobile/share/pickplace_rl_mobile/local_setup.zsh
-- Installing: /home/asimov/pickplace-rl-mobile/install/pickplace_rl_mobile/share/pickplace_rl_mobile/local_setup.dsv
-- Installing: /home/asimov/pickplace-rl-mobile/install/pickplace_rl_mobile/share/pickplace_rl_mobile/package.dsv
-- Installing: /home/asimov/pickplace-rl-mobile/install/pickplace_rl_mobile/share/ament_index/resource_index/packages/pickplace_rl_mobile
-- Installing: /home/asimov/pickplace-rl-mobile/install/pickplace_rl_mobile/share/pickplace_rl_mobile/cmake/pickplace_rl_mobileConfig.cmake
-- Installing: /home/asimov/pickplace-rl-mobile/install/pickplace_rl_mobile/share/pickplace_rl_mobile/cmake/pickplace_rl_mobileConfig-version.cmake
-- Installing: /home/asimov/pickplace-rl-mobile/install/pickplace_rl_mobile/share/pickplace_rl_mobile/package.xml
