[0.013s] Invoking command in '/home/asimov/pickplace-rl-mobile/build/pickplace_rl_mobile': CMAKE_PREFIX_PATH=${CMAKE_PREFIX_PATH}:/opt/ros/humble /usr/bin/cmake /home/asimov/pickplace-rl-mobile/src/pickplace_rl_mobile -DCMAKE_INSTALL_PREFIX=/home/asimov/pickplace-rl-mobile/install/pickplace_rl_mobile
[0.124s] -- The C compiler identification is GNU 11.4.0
[0.222s] -- The CXX compiler identification is GNU 11.4.0
[0.236s] -- Detecting C compiler ABI info
[0.340s] -- Detecting C compiler ABI info - done
[0.348s] -- Check for working C compiler: /usr/bin/cc - skipped
[0.348s] -- Detecting C compile features
[0.349s] -- Detecting C compile features - done
[0.353s] -- Detecting CXX compiler ABI info
[0.463s] -- Detecting CXX compiler ABI info - done
[0.472s] -- Check for working CXX compiler: /usr/bin/c++ - skipped
[0.472s] -- Detecting CXX compile features
[0.473s] -- Detecting CXX compile features - done
[0.477s] -- Found ament_cmake: 1.3.12 (/opt/ros/humble/share/ament_cmake/cmake)
[0.692s] -- Found Python3: /usr/bin/python3 (found version "3.10.12") found components: Interpreter 
[0.837s] -- Found rclcpp: 16.0.14 (/opt/ros/humble/share/rclcpp/cmake)
[0.888s] -- Found rosidl_generator_c: 3.1.7 (/opt/ros/humble/share/rosidl_generator_c/cmake)
[0.892s] -- Found rosidl_adapter: 3.1.7 (/opt/ros/humble/share/rosidl_adapter/cmake)
[0.908s] -- Found rosidl_generator_cpp: 3.1.7 (/opt/ros/humble/share/rosidl_generator_cpp/cmake)
[0.926s] -- Using all available rosidl_typesupport_c: rosidl_typesupport_fastrtps_c;rosidl_typesupport_introspection_c
[0.947s] -- Using all available rosidl_typesupport_cpp: rosidl_typesupport_fastrtps_cpp;rosidl_typesupport_introspection_cpp
[1.001s] -- Found rmw_implementation_cmake: 6.1.2 (/opt/ros/humble/share/rmw_implementation_cmake/cmake)
[1.005s] -- Found rmw_fastrtps_cpp: 6.2.8 (/opt/ros/humble/share/rmw_fastrtps_cpp/cmake)
[1.126s] -- Found OpenSSL: /usr/lib/x86_64-linux-gnu/libcrypto.so (found version "3.0.2")  
[1.161s] -- Found FastRTPS: /opt/ros/humble/include  
[1.215s] -- Using RMW implementation 'rmw_fastrtps_cpp' as default
[1.229s] -- Looking for pthread.h
[1.341s] -- Looking for pthread.h - found
[1.341s] -- Performing Test CMAKE_HAVE_LIBC_PTHREAD
[1.448s] -- Performing Test CMAKE_HAVE_LIBC_PTHREAD - Success
[1.449s] -- Found Threads: TRUE  
[1.528s] -- Found rclpy: 3.3.17 (/opt/ros/humble/share/rclpy/cmake)
[1.648s] -- Found ament_lint_auto: 0.12.14 (/opt/ros/humble/share/ament_lint_auto/cmake)
[1.756s] -- Added test 'copyright' to check source files copyright and LICENSE
[1.759s] -- Added test 'flake8' to check Python code syntax and style conventions
[1.760s] -- Added test 'lint_cmake' to check CMake code style
[1.761s] -- Added test 'pep257' to check Python code against some of the docstring style conventions in PEP 257
[1.762s] -- Added test 'xmllint' to check XML markup files
[1.764s] -- Configuring done
[1.773s] -- Generating done
[1.777s] -- Build files have been written to: /home/asimov/pickplace-rl-mobile/build/pickplace_rl_mobile
[1.791s] Invoked command in '/home/asimov/pickplace-rl-mobile/build/pickplace_rl_mobile' returned '0': CMAKE_PREFIX_PATH=${CMAKE_PREFIX_PATH}:/opt/ros/humble /usr/bin/cmake /home/asimov/pickplace-rl-mobile/src/pickplace_rl_mobile -DCMAKE_INSTALL_PREFIX=/home/asimov/pickplace-rl-mobile/install/pickplace_rl_mobile
[1.795s] Invoking command in '/home/asimov/pickplace-rl-mobile/build/pickplace_rl_mobile': CMAKE_PREFIX_PATH=${CMAKE_PREFIX_PATH}:/opt/ros/humble /usr/bin/cmake --build /home/asimov/pickplace-rl-mobile/build/pickplace_rl_mobile -- -j22 -l22
[1.880s] Built target ament_cmake_python_copy_pickplace_rl_mobile
[1.880s] Built target ament_cmake_python_copy_pickplace_rl_mobile_setup
[2.155s] running egg_info
[2.155s] creating pickplace_rl_mobile.egg-info
[2.155s] writing pickplace_rl_mobile.egg-info/PKG-INFO
[2.156s] writing dependency_links to pickplace_rl_mobile.egg-info/dependency_links.txt
[2.156s] writing top-level names to pickplace_rl_mobile.egg-info/top_level.txt
[2.156s] writing manifest file 'pickplace_rl_mobile.egg-info/SOURCES.txt'
[2.158s] reading manifest file 'pickplace_rl_mobile.egg-info/SOURCES.txt'
[2.158s] writing manifest file 'pickplace_rl_mobile.egg-info/SOURCES.txt'
[2.190s] Built target ament_cmake_python_build_pickplace_rl_mobile_egg
[2.206s] Invoked command in '/home/asimov/pickplace-rl-mobile/build/pickplace_rl_mobile' returned '0': CMAKE_PREFIX_PATH=${CMAKE_PREFIX_PATH}:/opt/ros/humble /usr/bin/cmake --build /home/asimov/pickplace-rl-mobile/build/pickplace_rl_mobile -- -j22 -l22
[2.221s] Invoking command in '/home/asimov/pickplace-rl-mobile/build/pickplace_rl_mobile': CMAKE_PREFIX_PATH=${CMAKE_PREFIX_PATH}:/opt/ros/humble /usr/bin/cmake --install /home/asimov/pickplace-rl-mobile/build/pickplace_rl_mobile
[2.231s] -- Install configuration: ""
[2.231s] -- Installing: /home/asimov/pickplace-rl-mobile/install/pickplace_rl_mobile/share/pickplace_rl_mobile/environment/pythonpath.sh
[2.231s] -- Installing: /home/asimov/pickplace-rl-mobile/install/pickplace_rl_mobile/share/pickplace_rl_mobile/environment/pythonpath.dsv
[2.231s] -- Installing: /home/asimov/pickplace-rl-mobile/install/pickplace_rl_mobile/local/lib/python3.10/dist-packages/pickplace_rl_mobile-0.0.1-py3.10.egg-info
[2.231s] -- Installing: /home/asimov/pickplace-rl-mobile/install/pickplace_rl_mobile/local/lib/python3.10/dist-packages/pickplace_rl_mobile-0.0.1-py3.10.egg-info/PKG-INFO
[2.231s] -- Installing: /home/asimov/pickplace-rl-mobile/install/pickplace_rl_mobile/local/lib/python3.10/dist-packages/pickplace_rl_mobile-0.0.1-py3.10.egg-info/dependency_links.txt
[2.231s] -- Installing: /home/asimov/pickplace-rl-mobile/install/pickplace_rl_mobile/local/lib/python3.10/dist-packages/pickplace_rl_mobile-0.0.1-py3.10.egg-info/top_level.txt
[2.231s] -- Installing: /home/asimov/pickplace-rl-mobile/install/pickplace_rl_mobile/local/lib/python3.10/dist-packages/pickplace_rl_mobile-0.0.1-py3.10.egg-info/SOURCES.txt
[2.232s] -- Installing: /home/asimov/pickplace-rl-mobile/install/pickplace_rl_mobile/local/lib/python3.10/dist-packages/pickplace_rl_mobile
[2.232s] -- Installing: /home/asimov/pickplace-rl-mobile/install/pickplace_rl_mobile/local/lib/python3.10/dist-packages/pickplace_rl_mobile/__init__.py
[2.274s] Listing '/home/asimov/pickplace-rl-mobile/install/pickplace_rl_mobile/local/lib/python3.10/dist-packages/pickplace_rl_mobile'...
[2.274s] Compiling '/home/asimov/pickplace-rl-mobile/install/pickplace_rl_mobile/local/lib/python3.10/dist-packages/pickplace_rl_mobile/__init__.py'...
[2.278s] -- Installing: /home/asimov/pickplace-rl-mobile/install/pickplace_rl_mobile/share/pickplace_rl_mobile//launch
[2.278s] -- Installing: /home/asimov/pickplace-rl-mobile/install/pickplace_rl_mobile/share/pickplace_rl_mobile//launch/display_launch.py
[2.278s] -- Installing: /home/asimov/pickplace-rl-mobile/install/pickplace_rl_mobile/share/pickplace_rl_mobile//urdf
[2.279s] -- Installing: /home/asimov/pickplace-rl-mobile/install/pickplace_rl_mobile/share/pickplace_rl_mobile//urdf/pickplace_mobile_arm.urdf
[2.279s] -- Installing: /home/asimov/pickplace-rl-mobile/install/pickplace_rl_mobile/share/ament_index/resource_index/package_run_dependencies/pickplace_rl_mobile
[2.279s] -- Installing: /home/asimov/pickplace-rl-mobile/install/pickplace_rl_mobile/share/ament_index/resource_index/parent_prefix_path/pickplace_rl_mobile
[2.279s] -- Installing: /home/asimov/pickplace-rl-mobile/install/pickplace_rl_mobile/share/pickplace_rl_mobile/environment/ament_prefix_path.sh
[2.279s] -- Installing: /home/asimov/pickplace-rl-mobile/install/pickplace_rl_mobile/share/pickplace_rl_mobile/environment/ament_prefix_path.dsv
[2.279s] -- Installing: /home/asimov/pickplace-rl-mobile/install/pickplace_rl_mobile/share/pickplace_rl_mobile/environment/path.sh
[2.280s] -- Installing: /home/asimov/pickplace-rl-mobile/install/pickplace_rl_mobile/share/pickplace_rl_mobile/environment/path.dsv
[2.280s] -- Installing: /home/asimov/pickplace-rl-mobile/install/pickplace_rl_mobile/share/pickplace_rl_mobile/local_setup.bash
[2.280s] -- Installing: /home/asimov/pickplace-rl-mobile/install/pickplace_rl_mobile/share/pickplace_rl_mobile/local_setup.sh
[2.280s] -- Installing: /home/asimov/pickplace-rl-mobile/install/pickplace_rl_mobile/share/pickplace_rl_mobile/local_setup.zsh
[2.280s] -- Installing: /home/asimov/pickplace-rl-mobile/install/pickplace_rl_mobile/share/pickplace_rl_mobile/local_setup.dsv
[2.280s] -- Installing: /home/asimov/pickplace-rl-mobile/install/pickplace_rl_mobile/share/pickplace_rl_mobile/package.dsv
[2.281s] -- Installing: /home/asimov/pickplace-rl-mobile/install/pickplace_rl_mobile/share/ament_index/resource_index/packages/pickplace_rl_mobile
[2.281s] -- Installing: /home/asimov/pickplace-rl-mobile/install/pickplace_rl_mobile/share/pickplace_rl_mobile/cmake/pickplace_rl_mobileConfig.cmake
[2.281s] -- Installing: /home/asimov/pickplace-rl-mobile/install/pickplace_rl_mobile/share/pickplace_rl_mobile/cmake/pickplace_rl_mobileConfig-version.cmake
[2.281s] -- Installing: /home/asimov/pickplace-rl-mobile/install/pickplace_rl_mobile/share/pickplace_rl_mobile/package.xml
[2.285s] Invoked command in '/home/asimov/pickplace-rl-mobile/build/pickplace_rl_mobile' returned '0': CMAKE_PREFIX_PATH=${CMAKE_PREFIX_PATH}:/opt/ros/humble /usr/bin/cmake --install /home/asimov/pickplace-rl-mobile/build/pickplace_rl_mobile
