[0.012s] Invoking command in '/home/asimov/pickplace-rl-mobile/build/pickplace_rl_mobile': CMAKE_PREFIX_PATH=${CMAKE_PREFIX_PATH}:/opt/ros/humble /usr/bin/cmake /home/asimov/pickplace-rl-mobile/src/pickplace_rl_mobile -DAMENT_CMAKE_SYMLINK_INSTALL=1 -DCMAKE_INSTALL_PREFIX=/home/asimov/pickplace-rl-mobile/install/pickplace_rl_mobile
[0.034s] -- Found ament_cmake: 1.3.12 (/opt/ros/humble/share/ament_cmake/cmake)
[0.128s] -- Override CMake install command with custom implementation using symlinks instead of copying resources
[0.138s] -- Found rclcpp: 16.0.14 (/opt/ros/humble/share/rclcpp/cmake)
[0.161s] -- Found rosidl_generator_c: 3.1.7 (/opt/ros/humble/share/rosidl_generator_c/cmake)
[0.163s] -- Found rosidl_adapter: 3.1.7 (/opt/ros/humble/share/rosidl_adapter/cmake)
[0.168s] -- Found rosidl_generator_cpp: 3.1.7 (/opt/ros/humble/share/rosidl_generator_cpp/cmake)
[0.175s] -- Using all available rosidl_typesupport_c: rosidl_typesupport_fastrtps_c;rosidl_typesupport_introspection_c
[0.184s] -- Using all available rosidl_typesupport_cpp: rosidl_typesupport_fastrtps_cpp;rosidl_typesupport_introspection_cpp
[0.210s] -- Found rmw_implementation_cmake: 6.1.2 (/opt/ros/humble/share/rmw_implementation_cmake/cmake)
[0.211s] -- Found rmw_fastrtps_cpp: 6.2.8 (/opt/ros/humble/share/rmw_fastrtps_cpp/cmake)
[0.284s] -- Using RMW implementation 'rmw_fastrtps_cpp' as default
[0.320s] -- Found rclpy: 3.3.17 (/opt/ros/humble/share/rclpy/cmake)
[0.363s] -- Found ament_lint_auto: 0.12.14 (/opt/ros/humble/share/ament_lint_auto/cmake)
[0.416s] -- Added test 'copyright' to check source files copyright and LICENSE
[0.418s] -- Added test 'flake8' to check Python code syntax and style conventions
[0.418s] -- Added test 'lint_cmake' to check CMake code style
[0.418s] -- Added test 'pep257' to check Python code against some of the docstring style conventions in PEP 257
[0.419s] -- Added test 'xmllint' to check XML markup files
[0.420s] -- Configuring done
[0.424s] -- Generating done
[0.426s] -- Build files have been written to: /home/asimov/pickplace-rl-mobile/build/pickplace_rl_mobile
[0.432s] Invoked command in '/home/asimov/pickplace-rl-mobile/build/pickplace_rl_mobile' returned '0': CMAKE_PREFIX_PATH=${CMAKE_PREFIX_PATH}:/opt/ros/humble /usr/bin/cmake /home/asimov/pickplace-rl-mobile/src/pickplace_rl_mobile -DAMENT_CMAKE_SYMLINK_INSTALL=1 -DCMAKE_INSTALL_PREFIX=/home/asimov/pickplace-rl-mobile/install/pickplace_rl_mobile
[0.433s] Invoking command in '/home/asimov/pickplace-rl-mobile/build/pickplace_rl_mobile': CMAKE_PREFIX_PATH=${CMAKE_PREFIX_PATH}:/opt/ros/humble /usr/bin/cmake --build /home/asimov/pickplace-rl-mobile/build/pickplace_rl_mobile -- -j22 -l22
[0.475s] failed to create symbolic link '/home/asimov/pickplace-rl-mobile/build/pickplace_rl_mobile/ament_cmake_python/pickplace_rl_mobile/pickplace_rl_mobile' because existing path cannot be removed: Is a directory
[0.475s] gmake[2]: *** [CMakeFiles/ament_cmake_python_symlink_pickplace_rl_mobile.dir/build.make:70: CMakeFiles/ament_cmake_python_symlink_pickplace_rl_mobile] Error 1
[0.476s] gmake[1]: *** [CMakeFiles/Makefile2:139: CMakeFiles/ament_cmake_python_symlink_pickplace_rl_mobile.dir/all] Error 2
[0.476s] gmake[1]: *** Waiting for unfinished jobs....
[0.485s] Built target ament_cmake_python_symlink_pickplace_rl_mobile_setup
[0.485s] gmake: *** [Makefile:146: all] Error 2
[0.488s] Invoked command in '/home/asimov/pickplace-rl-mobile/build/pickplace_rl_mobile' returned '2': CMAKE_PREFIX_PATH=${CMAKE_PREFIX_PATH}:/opt/ros/humble /usr/bin/cmake --build /home/asimov/pickplace-rl-mobile/build/pickplace_rl_mobile -- -j22 -l22
