-- The C compiler identification is GNU 13.3.0
-- The CXX compiler identification is GNU 13.3.0
-- Detecting C compiler ABI info
-- Detecting C compiler ABI info - done
-- Check for working C compiler: /usr/bin/cc - skipped
-- Detecting C compile features
-- Detecting C compile features - done
-- Detecting CXX compiler ABI info
-- Detecting CXX compiler ABI info - done
-- Check for working CXX compiler: /usr/bin/c++ - skipped
-- Detecting CXX compile features
-- Detecting CXX compile features - done
-- Found ament_cmake: 2.5.3 (/opt/ros/jazzy/share/ament_cmake/cmake)
-- Found Python3: /usr/bin/python3 (found version "3.12.3") found components: Interpreter 
-- Found rclcpp: 28.1.6 (/opt/ros/jazzy/share/rclcpp/cmake)
-- Found rosidl_generator_c: 4.6.5 (/opt/ros/jazzy/share/rosidl_generator_c/cmake)
-- Found rosidl_generator_cpp: 4.6.5 (/opt/ros/jazzy/share/rosidl_generator_cpp/cmake)
-- Using all available rosidl_typesupport_c: rosidl_typesupport_fastrtps_c;rosidl_typesupport_introspection_c
-- Using all available rosidl_typesupport_cpp: rosidl_typesupport_fastrtps_cpp;rosidl_typesupport_introspection_cpp
-- Found rmw_implementation_cmake: 7.3.1 (/opt/ros/jazzy/share/rmw_implementation_cmake/cmake)
-- Found rmw_fastrtps_cpp: 8.4.1 (/opt/ros/jazzy/share/rmw_fastrtps_cpp/cmake)
-- Found OpenSSL: /usr/lib/aarch64-linux-gnu/libcrypto.so (found version "3.0.13")  
-- Found FastRTPS: /opt/ros/jazzy/include (Required is at least version "2.13") 
-- Using RMW implementation 'rmw_fastrtps_cpp' as default
-- Found rclpy: 7.1.3 (/opt/ros/jazzy/share/rclpy/cmake)
-- Found ament_lint_auto: 0.17.1 (/opt/ros/jazzy/share/ament_lint_auto/cmake)
-- Added test 'copyright' to check source files copyright and LICENSE
-- Added test 'flake8' to check Python code syntax and style conventions
-- Configured 'flake8' exclude dirs and/or files: 
-- Added test 'lint_cmake' to check CMake code style
-- Added test 'pep257' to check Python code against some of the docstring style conventions in PEP 257
-- Added test 'xmllint' to check XML markup files
-- Configuring done (2.4s)
-- Generating done (0.0s)
-- Build files have been written to: /home/darsh/pickplace_rl_mobile/build/pickplace_rl_mobile
Built target ament_cmake_python_copy_pickplace_rl_mobile
Built target ament_cmake_python_copy_pickplace_rl_mobile_setup
running egg_info
creating pickplace_rl_mobile.egg-info
writing pickplace_rl_mobile.egg-info/PKG-INFO
writing dependency_links to pickplace_rl_mobile.egg-info/dependency_links.txt
writing top-level names to pickplace_rl_mobile.egg-info/top_level.txt
writing manifest file 'pickplace_rl_mobile.egg-info/SOURCES.txt'
reading manifest file 'pickplace_rl_mobile.egg-info/SOURCES.txt'
writing manifest file 'pickplace_rl_mobile.egg-info/SOURCES.txt'
Built target ament_cmake_python_build_pickplace_rl_mobile_egg
-- Install configuration: ""
-- Installing: /home/darsh/pickplace_rl_mobile/install/pickplace_rl_mobile/share/pickplace_rl_mobile/environment/pythonpath.sh
-- Installing: /home/darsh/pickplace_rl_mobile/install/pickplace_rl_mobile/share/pickplace_rl_mobile/environment/pythonpath.dsv
-- Installing: /home/darsh/pickplace_rl_mobile/install/pickplace_rl_mobile/lib/python3.12/site-packages/pickplace_rl_mobile-0.0.1-py3.12.egg-info
-- Installing: /home/darsh/pickplace_rl_mobile/install/pickplace_rl_mobile/lib/python3.12/site-packages/pickplace_rl_mobile-0.0.1-py3.12.egg-info/top_level.txt
-- Installing: /home/darsh/pickplace_rl_mobile/install/pickplace_rl_mobile/lib/python3.12/site-packages/pickplace_rl_mobile-0.0.1-py3.12.egg-info/dependency_links.txt
-- Installing: /home/darsh/pickplace_rl_mobile/install/pickplace_rl_mobile/lib/python3.12/site-packages/pickplace_rl_mobile-0.0.1-py3.12.egg-info/PKG-INFO
-- Installing: /home/darsh/pickplace_rl_mobile/install/pickplace_rl_mobile/lib/python3.12/site-packages/pickplace_rl_mobile-0.0.1-py3.12.egg-info/SOURCES.txt
-- Installing: /home/darsh/pickplace_rl_mobile/install/pickplace_rl_mobile/lib/python3.12/site-packages/pickplace_rl_mobile
-- Installing: /home/darsh/pickplace_rl_mobile/install/pickplace_rl_mobile/lib/python3.12/site-packages/pickplace_rl_mobile/test_policy.py
-- Installing: /home/darsh/pickplace_rl_mobile/install/pickplace_rl_mobile/lib/python3.12/site-packages/pickplace_rl_mobile/train_rl.py
-- Installing: /home/darsh/pickplace_rl_mobile/install/pickplace_rl_mobile/lib/python3.12/site-packages/pickplace_rl_mobile/__init__.py
-- Installing: /home/darsh/pickplace_rl_mobile/install/pickplace_rl_mobile/lib/python3.12/site-packages/pickplace_rl_mobile/pickplace_env.py
Listing '/home/darsh/pickplace_rl_mobile/install/pickplace_rl_mobile/lib/python3.12/site-packages/pickplace_rl_mobile'...
Compiling '/home/darsh/pickplace_rl_mobile/install/pickplace_rl_mobile/lib/python3.12/site-packages/pickplace_rl_mobile/__init__.py'...
Compiling '/home/darsh/pickplace_rl_mobile/install/pickplace_rl_mobile/lib/python3.12/site-packages/pickplace_rl_mobile/pickplace_env.py'...
Compiling '/home/darsh/pickplace_rl_mobile/install/pickplace_rl_mobile/lib/python3.12/site-packages/pickplace_rl_mobile/test_policy.py'...
Compiling '/home/darsh/pickplace_rl_mobile/install/pickplace_rl_mobile/lib/python3.12/site-packages/pickplace_rl_mobile/train_rl.py'...
-- Installing: /home/darsh/pickplace_rl_mobile/install/pickplace_rl_mobile/share/pickplace_rl_mobile//launch
-- Installing: /home/darsh/pickplace_rl_mobile/install/pickplace_rl_mobile/share/pickplace_rl_mobile//launch/display_launch.py
-- Installing: /home/darsh/pickplace_rl_mobile/install/pickplace_rl_mobile/share/pickplace_rl_mobile//launch/gazebo_launch.py
-- Installing: /home/darsh/pickplace_rl_mobile/install/pickplace_rl_mobile/share/pickplace_rl_mobile//urdf
-- Installing: /home/darsh/pickplace_rl_mobile/install/pickplace_rl_mobile/share/pickplace_rl_mobile//urdf/pickplace_mobile_arm.urdf
-- Installing: /home/darsh/pickplace_rl_mobile/install/pickplace_rl_mobile/share/pickplace_rl_mobile//config
-- Installing: /home/darsh/pickplace_rl_mobile/install/pickplace_rl_mobile/share/pickplace_rl_mobile//config/training_config.yaml
-- Installing: /home/darsh/pickplace_rl_mobile/install/pickplace_rl_mobile/share/pickplace_rl_mobile//config/robot_view.rviz
-- Installing: /home/darsh/pickplace_rl_mobile/install/pickplace_rl_mobile/share/pickplace_rl_mobile//worlds
-- Installing: /home/darsh/pickplace_rl_mobile/install/pickplace_rl_mobile/share/pickplace_rl_mobile//worlds/pickplace_world.world
-- Installing: /home/darsh/pickplace_rl_mobile/install/pickplace_rl_mobile/share/ament_index/resource_index/package_run_dependencies/pickplace_rl_mobile
-- Installing: /home/darsh/pickplace_rl_mobile/install/pickplace_rl_mobile/share/ament_index/resource_index/parent_prefix_path/pickplace_rl_mobile
-- Installing: /home/darsh/pickplace_rl_mobile/install/pickplace_rl_mobile/share/pickplace_rl_mobile/environment/ament_prefix_path.sh
-- Installing: /home/darsh/pickplace_rl_mobile/install/pickplace_rl_mobile/share/pickplace_rl_mobile/environment/ament_prefix_path.dsv
-- Installing: /home/darsh/pickplace_rl_mobile/install/pickplace_rl_mobile/share/pickplace_rl_mobile/environment/path.sh
-- Installing: /home/darsh/pickplace_rl_mobile/install/pickplace_rl_mobile/share/pickplace_rl_mobile/environment/path.dsv
-- Installing: /home/darsh/pickplace_rl_mobile/install/pickplace_rl_mobile/share/pickplace_rl_mobile/local_setup.bash
-- Installing: /home/darsh/pickplace_rl_mobile/install/pickplace_rl_mobile/share/pickplace_rl_mobile/local_setup.sh
-- Installing: /home/darsh/pickplace_rl_mobile/install/pickplace_rl_mobile/share/pickplace_rl_mobile/local_setup.zsh
-- Installing: /home/darsh/pickplace_rl_mobile/install/pickplace_rl_mobile/share/pickplace_rl_mobile/local_setup.dsv
-- Installing: /home/darsh/pickplace_rl_mobile/install/pickplace_rl_mobile/share/pickplace_rl_mobile/package.dsv
-- Installing: /home/darsh/pickplace_rl_mobile/install/pickplace_rl_mobile/share/ament_index/resource_index/packages/pickplace_rl_mobile
-- Installing: /home/darsh/pickplace_rl_mobile/install/pickplace_rl_mobile/share/pickplace_rl_mobile/cmake/pickplace_rl_mobileConfig.cmake
-- Installing: /home/darsh/pickplace_rl_mobile/install/pickplace_rl_mobile/share/pickplace_rl_mobile/cmake/pickplace_rl_mobileConfig-version.cmake
-- Installing: /home/darsh/pickplace_rl_mobile/install/pickplace_rl_mobile/share/pickplace_rl_mobile/package.xml
