[0.010s] Invoking command in '/home/darsh/pickplace_rl_mobile/build/pickplace_rl_mobile': CMAKE_PREFIX_PATH=${CMAKE_PREFIX_PATH}:/opt/ros/jazzy DEBUGINFOD_URLS=https://debuginfod.ubuntu.com /usr/bin/cmake /home/darsh/pickplace_rl_mobile/src/pickplace_rl_mobile -DCMAKE_INSTALL_PREFIX=/home/darsh/pickplace_rl_mobile/install/pickplace_rl_mobile
[0.213s] -- The C compiler identification is GNU 13.3.0
[0.450s] -- The CXX compiler identification is GNU 13.3.0
[0.475s] -- Detecting C compiler ABI info
[0.606s] -- Detecting C compiler ABI info - done
[0.618s] -- Check for working C compiler: /usr/bin/cc - skipped
[0.621s] -- Detecting C compile features
[0.623s] -- Detecting C compile features - done
[0.640s] -- Detecting CXX compiler ABI info
[0.791s] -- Detecting CXX compiler ABI info - done
[0.802s] -- Check for working CXX compiler: /usr/bin/c++ - skipped
[0.803s] -- Detecting CXX compile features
[0.804s] -- Detecting CXX compile features - done
[0.836s] -- Found ament_cmake: 2.5.3 (/opt/ros/jazzy/share/ament_cmake/cmake)
[1.003s] -- Found Python3: /usr/bin/python3 (found version "3.12.3") found components: Interpreter 
[1.153s] -- Found rclcpp: 28.1.6 (/opt/ros/jazzy/share/rclcpp/cmake)
[1.307s] -- Found rosidl_generator_c: 4.6.5 (/opt/ros/jazzy/share/rosidl_generator_c/cmake)
[1.341s] -- Found rosidl_generator_cpp: 4.6.5 (/opt/ros/jazzy/share/rosidl_generator_cpp/cmake)
[1.404s] -- Using all available rosidl_typesupport_c: rosidl_typesupport_fastrtps_c;rosidl_typesupport_introspection_c
[1.463s] -- Using all available rosidl_typesupport_cpp: rosidl_typesupport_fastrtps_cpp;rosidl_typesupport_introspection_cpp
[1.664s] -- Found rmw_implementation_cmake: 7.3.1 (/opt/ros/jazzy/share/rmw_implementation_cmake/cmake)
[1.671s] -- Found rmw_fastrtps_cpp: 8.4.1 (/opt/ros/jazzy/share/rmw_fastrtps_cpp/cmake)
[1.881s] -- Found OpenSSL: /usr/lib/aarch64-linux-gnu/libcrypto.so (found version "3.0.13")  
[1.906s] -- Found FastRTPS: /opt/ros/jazzy/include (Required is at least version "2.13") 
[1.934s] -- Using RMW implementation 'rmw_fastrtps_cpp' as default
[2.095s] -- Found rclpy: 7.1.3 (/opt/ros/jazzy/share/rclpy/cmake)
[2.222s] -- Found ament_lint_auto: 0.17.1 (/opt/ros/jazzy/share/ament_lint_auto/cmake)
[2.429s] -- Added test 'copyright' to check source files copyright and LICENSE
[2.436s] -- Added test 'flake8' to check Python code syntax and style conventions
[2.437s] -- Configured 'flake8' exclude dirs and/or files: 
[2.437s] -- Added test 'lint_cmake' to check CMake code style
[2.438s] -- Added test 'pep257' to check Python code against some of the docstring style conventions in PEP 257
[2.440s] -- Added test 'xmllint' to check XML markup files
[2.441s] -- Configuring done (2.4s)
[2.449s] -- Generating done (0.0s)
[2.452s] -- Build files have been written to: /home/darsh/pickplace_rl_mobile/build/pickplace_rl_mobile
[2.464s] Invoked command in '/home/darsh/pickplace_rl_mobile/build/pickplace_rl_mobile' returned '0': CMAKE_PREFIX_PATH=${CMAKE_PREFIX_PATH}:/opt/ros/jazzy DEBUGINFOD_URLS=https://debuginfod.ubuntu.com /usr/bin/cmake /home/darsh/pickplace_rl_mobile/src/pickplace_rl_mobile -DCMAKE_INSTALL_PREFIX=/home/darsh/pickplace_rl_mobile/install/pickplace_rl_mobile
[2.467s] Invoking command in '/home/darsh/pickplace_rl_mobile/build/pickplace_rl_mobile': CMAKE_PREFIX_PATH=${CMAKE_PREFIX_PATH}:/opt/ros/jazzy DEBUGINFOD_URLS=https://debuginfod.ubuntu.com /usr/bin/cmake --build /home/darsh/pickplace_rl_mobile/build/pickplace_rl_mobile -- -j12 -l12
[2.542s] Built target ament_cmake_python_copy_pickplace_rl_mobile
[2.548s] Built target ament_cmake_python_copy_pickplace_rl_mobile_setup
[2.863s] running egg_info
[2.864s] creating pickplace_rl_mobile.egg-info
[2.880s] writing pickplace_rl_mobile.egg-info/PKG-INFO
[2.880s] writing dependency_links to pickplace_rl_mobile.egg-info/dependency_links.txt
[2.881s] writing top-level names to pickplace_rl_mobile.egg-info/top_level.txt
[2.881s] writing manifest file 'pickplace_rl_mobile.egg-info/SOURCES.txt'
[2.931s] reading manifest file 'pickplace_rl_mobile.egg-info/SOURCES.txt'
[2.931s] writing manifest file 'pickplace_rl_mobile.egg-info/SOURCES.txt'
[2.971s] Built target ament_cmake_python_build_pickplace_rl_mobile_egg
[2.983s] Invoked command in '/home/darsh/pickplace_rl_mobile/build/pickplace_rl_mobile' returned '0': CMAKE_PREFIX_PATH=${CMAKE_PREFIX_PATH}:/opt/ros/jazzy DEBUGINFOD_URLS=https://debuginfod.ubuntu.com /usr/bin/cmake --build /home/darsh/pickplace_rl_mobile/build/pickplace_rl_mobile -- -j12 -l12
[2.994s] Invoking command in '/home/darsh/pickplace_rl_mobile/build/pickplace_rl_mobile': CMAKE_PREFIX_PATH=${CMAKE_PREFIX_PATH}:/opt/ros/jazzy DEBUGINFOD_URLS=https://debuginfod.ubuntu.com /usr/bin/cmake --install /home/darsh/pickplace_rl_mobile/build/pickplace_rl_mobile
[3.001s] -- Install configuration: ""
[3.001s] -- Installing: /home/darsh/pickplace_rl_mobile/install/pickplace_rl_mobile/share/pickplace_rl_mobile/environment/pythonpath.sh
[3.001s] -- Installing: /home/darsh/pickplace_rl_mobile/install/pickplace_rl_mobile/share/pickplace_rl_mobile/environment/pythonpath.dsv
[3.001s] -- Installing: /home/darsh/pickplace_rl_mobile/install/pickplace_rl_mobile/lib/python3.12/site-packages/pickplace_rl_mobile-0.0.1-py3.12.egg-info
[3.002s] -- Installing: /home/darsh/pickplace_rl_mobile/install/pickplace_rl_mobile/lib/python3.12/site-packages/pickplace_rl_mobile-0.0.1-py3.12.egg-info/top_level.txt
[3.002s] -- Installing: /home/darsh/pickplace_rl_mobile/install/pickplace_rl_mobile/lib/python3.12/site-packages/pickplace_rl_mobile-0.0.1-py3.12.egg-info/dependency_links.txt
[3.002s] -- Installing: /home/darsh/pickplace_rl_mobile/install/pickplace_rl_mobile/lib/python3.12/site-packages/pickplace_rl_mobile-0.0.1-py3.12.egg-info/PKG-INFO
[3.002s] -- Installing: /home/darsh/pickplace_rl_mobile/install/pickplace_rl_mobile/lib/python3.12/site-packages/pickplace_rl_mobile-0.0.1-py3.12.egg-info/SOURCES.txt
[3.002s] -- Installing: /home/darsh/pickplace_rl_mobile/install/pickplace_rl_mobile/lib/python3.12/site-packages/pickplace_rl_mobile
[3.002s] -- Installing: /home/darsh/pickplace_rl_mobile/install/pickplace_rl_mobile/lib/python3.12/site-packages/pickplace_rl_mobile/test_policy.py
[3.002s] -- Installing: /home/darsh/pickplace_rl_mobile/install/pickplace_rl_mobile/lib/python3.12/site-packages/pickplace_rl_mobile/train_rl.py
[3.002s] -- Installing: /home/darsh/pickplace_rl_mobile/install/pickplace_rl_mobile/lib/python3.12/site-packages/pickplace_rl_mobile/__init__.py
[3.003s] -- Installing: /home/darsh/pickplace_rl_mobile/install/pickplace_rl_mobile/lib/python3.12/site-packages/pickplace_rl_mobile/pickplace_env.py
[3.083s] Listing '/home/darsh/pickplace_rl_mobile/install/pickplace_rl_mobile/lib/python3.12/site-packages/pickplace_rl_mobile'...
[3.083s] Compiling '/home/darsh/pickplace_rl_mobile/install/pickplace_rl_mobile/lib/python3.12/site-packages/pickplace_rl_mobile/__init__.py'...
[3.083s] Compiling '/home/darsh/pickplace_rl_mobile/install/pickplace_rl_mobile/lib/python3.12/site-packages/pickplace_rl_mobile/pickplace_env.py'...
[3.083s] Compiling '/home/darsh/pickplace_rl_mobile/install/pickplace_rl_mobile/lib/python3.12/site-packages/pickplace_rl_mobile/test_policy.py'...
[3.084s] Compiling '/home/darsh/pickplace_rl_mobile/install/pickplace_rl_mobile/lib/python3.12/site-packages/pickplace_rl_mobile/train_rl.py'...
[3.093s] -- Installing: /home/darsh/pickplace_rl_mobile/install/pickplace_rl_mobile/share/pickplace_rl_mobile//launch
[3.093s] -- Installing: /home/darsh/pickplace_rl_mobile/install/pickplace_rl_mobile/share/pickplace_rl_mobile//launch/display_launch.py
[3.095s] -- Installing: /home/darsh/pickplace_rl_mobile/install/pickplace_rl_mobile/share/pickplace_rl_mobile//launch/gazebo_launch.py
[3.096s] -- Installing: /home/darsh/pickplace_rl_mobile/install/pickplace_rl_mobile/share/pickplace_rl_mobile//urdf
[3.096s] -- Installing: /home/darsh/pickplace_rl_mobile/install/pickplace_rl_mobile/share/pickplace_rl_mobile//urdf/pickplace_mobile_arm.urdf
[3.096s] -- Installing: /home/darsh/pickplace_rl_mobile/install/pickplace_rl_mobile/share/pickplace_rl_mobile//config
[3.096s] -- Installing: /home/darsh/pickplace_rl_mobile/install/pickplace_rl_mobile/share/pickplace_rl_mobile//config/training_config.yaml
[3.096s] -- Installing: /home/darsh/pickplace_rl_mobile/install/pickplace_rl_mobile/share/pickplace_rl_mobile//config/robot_view.rviz
[3.096s] -- Installing: /home/darsh/pickplace_rl_mobile/install/pickplace_rl_mobile/share/pickplace_rl_mobile//worlds
[3.096s] -- Installing: /home/darsh/pickplace_rl_mobile/install/pickplace_rl_mobile/share/pickplace_rl_mobile//worlds/pickplace_world.world
[3.097s] -- Installing: /home/darsh/pickplace_rl_mobile/install/pickplace_rl_mobile/share/ament_index/resource_index/package_run_dependencies/pickplace_rl_mobile
[3.097s] -- Installing: /home/darsh/pickplace_rl_mobile/install/pickplace_rl_mobile/share/ament_index/resource_index/parent_prefix_path/pickplace_rl_mobile
[3.097s] -- Installing: /home/darsh/pickplace_rl_mobile/install/pickplace_rl_mobile/share/pickplace_rl_mobile/environment/ament_prefix_path.sh
[3.097s] -- Installing: /home/darsh/pickplace_rl_mobile/install/pickplace_rl_mobile/share/pickplace_rl_mobile/environment/ament_prefix_path.dsv
[3.097s] -- Installing: /home/darsh/pickplace_rl_mobile/install/pickplace_rl_mobile/share/pickplace_rl_mobile/environment/path.sh
[3.097s] -- Installing: /home/darsh/pickplace_rl_mobile/install/pickplace_rl_mobile/share/pickplace_rl_mobile/environment/path.dsv
[3.097s] -- Installing: /home/darsh/pickplace_rl_mobile/install/pickplace_rl_mobile/share/pickplace_rl_mobile/local_setup.bash
[3.097s] -- Installing: /home/darsh/pickplace_rl_mobile/install/pickplace_rl_mobile/share/pickplace_rl_mobile/local_setup.sh
[3.098s] -- Installing: /home/darsh/pickplace_rl_mobile/install/pickplace_rl_mobile/share/pickplace_rl_mobile/local_setup.zsh
[3.098s] -- Installing: /home/darsh/pickplace_rl_mobile/install/pickplace_rl_mobile/share/pickplace_rl_mobile/local_setup.dsv
[3.098s] -- Installing: /home/darsh/pickplace_rl_mobile/install/pickplace_rl_mobile/share/pickplace_rl_mobile/package.dsv
[3.098s] -- Installing: /home/darsh/pickplace_rl_mobile/install/pickplace_rl_mobile/share/ament_index/resource_index/packages/pickplace_rl_mobile
[3.099s] -- Installing: /home/darsh/pickplace_rl_mobile/install/pickplace_rl_mobile/share/pickplace_rl_mobile/cmake/pickplace_rl_mobileConfig.cmake
[3.099s] -- Installing: /home/darsh/pickplace_rl_mobile/install/pickplace_rl_mobile/share/pickplace_rl_mobile/cmake/pickplace_rl_mobileConfig-version.cmake
[3.099s] -- Installing: /home/darsh/pickplace_rl_mobile/install/pickplace_rl_mobile/share/pickplace_rl_mobile/package.xml
[3.102s] Invoked command in '/home/darsh/pickplace_rl_mobile/build/pickplace_rl_mobile' returned '0': CMAKE_PREFIX_PATH=${CMAKE_PREFIX_PATH}:/opt/ros/jazzy DEBUGINFOD_URLS=https://debuginfod.ubuntu.com /usr/bin/cmake --install /home/darsh/pickplace_rl_mobile/build/pickplace_rl_mobile
