[0.152s] DEBUG:colcon:Command line arguments: ['/usr/bin/colcon', 'build']
[0.152s] DEBUG:colcon:Parsed command line arguments: Namespace(log_base=None, log_level=None, verb_name='build', build_base='build', install_base='install', merge_install=False, symlink_install=False, test_result_base=None, continue_on_error=False, executor='parallel', parallel_workers=22, event_handlers=None, ignore_user_meta=False, metas=['./colcon.meta'], base_paths=['.'], packages_ignore=None, packages_ignore_regex=None, paths=None, packages_up_to=None, packages_up_to_regex=None, packages_above=None, packages_above_and_dependencies=None, packages_above_depth=None, packages_select_by_dep=None, packages_skip_by_dep=None, packages_skip_up_to=None, packages_select_build_failed=False, packages_skip_build_finished=False, packages_select_test_failures=False, packages_skip_test_passed=False, packages_select=None, packages_skip=None, packages_select_regex=None, packages_skip_regex=None, packages_start=None, packages_end=None, allow_overriding=[], cmake_args=None, cmake_target=None, cmake_target_skip_unavailable=False, cmake_clean_cache=False, cmake_clean_first=False, cmake_force_configure=False, ament_cmake_args=None, catkin_cmake_args=None, catkin_skip_building_tests=False, verb_parser=<colcon_defaults.argument_parser.defaults.DefaultArgumentsDecorator object at 0x7cd3cc22bdc0>, verb_extension=<colcon_core.verb.build.BuildVerb object at 0x7cd3cc22b700>, main=<bound method BuildVerb.main of <colcon_core.verb.build.BuildVerb object at 0x7cd3cc22b700>>)
[0.417s] Level 1:colcon.colcon_core.package_discovery:discover_packages(colcon_meta) check parameters
[0.417s] Level 1:colcon.colcon_core.package_discovery:discover_packages(recursive) check parameters
[0.417s] Level 1:colcon.colcon_core.package_discovery:discover_packages(ignore) check parameters
[0.417s] Level 1:colcon.colcon_core.package_discovery:discover_packages(path) check parameters
[0.417s] Level 1:colcon.colcon_core.package_discovery:discover_packages(colcon_meta) discover
[0.417s] Level 1:colcon.colcon_core.package_discovery:discover_packages(recursive) discover
[0.417s] INFO:colcon.colcon_core.package_discovery:Crawling recursively for packages in '/home/asimov/pickplace-rl-mobile'
[0.418s] Level 1:colcon.colcon_core.package_identification:_identify(.) by extensions ['ignore', 'ignore_ament_install']
[0.418s] Level 1:colcon.colcon_core.package_identification:_identify(.) by extension 'ignore'
[0.418s] Level 1:colcon.colcon_core.package_identification:_identify(.) by extension 'ignore_ament_install'
[0.418s] Level 1:colcon.colcon_core.package_identification:_identify(.) by extensions ['colcon_pkg']
[0.418s] Level 1:colcon.colcon_core.package_identification:_identify(.) by extension 'colcon_pkg'
[0.418s] Level 1:colcon.colcon_core.package_identification:_identify(.) by extensions ['colcon_meta']
[0.418s] Level 1:colcon.colcon_core.package_identification:_identify(.) by extension 'colcon_meta'
[0.418s] Level 1:colcon.colcon_core.package_identification:_identify(.) by extensions ['ros']
[0.418s] Level 1:colcon.colcon_core.package_identification:_identify(.) by extension 'ros'
[0.431s] Level 1:colcon.colcon_core.package_identification:_identify(.) by extensions ['cmake', 'python']
[0.431s] Level 1:colcon.colcon_core.package_identification:_identify(.) by extension 'cmake'
[0.431s] Level 1:colcon.colcon_core.package_identification:_identify(.) by extension 'python'
[0.432s] Level 1:colcon.colcon_core.package_identification:_identify(.) by extensions ['python_setup_py']
[0.432s] Level 1:colcon.colcon_core.package_identification:_identify(.) by extension 'python_setup_py'
[0.432s] Level 1:colcon.colcon_core.package_identification:_identify(build) by extensions ['ignore', 'ignore_ament_install']
[0.432s] Level 1:colcon.colcon_core.package_identification:_identify(build) by extension 'ignore'
[0.432s] Level 1:colcon.colcon_core.package_identification:_identify(build) ignored
[0.432s] Level 1:colcon.colcon_core.package_identification:_identify(images) by extensions ['ignore', 'ignore_ament_install']
[0.432s] Level 1:colcon.colcon_core.package_identification:_identify(images) by extension 'ignore'
[0.432s] Level 1:colcon.colcon_core.package_identification:_identify(images) by extension 'ignore_ament_install'
[0.432s] Level 1:colcon.colcon_core.package_identification:_identify(images) by extensions ['colcon_pkg']
[0.432s] Level 1:colcon.colcon_core.package_identification:_identify(images) by extension 'colcon_pkg'
[0.432s] Level 1:colcon.colcon_core.package_identification:_identify(images) by extensions ['colcon_meta']
[0.432s] Level 1:colcon.colcon_core.package_identification:_identify(images) by extension 'colcon_meta'
[0.432s] Level 1:colcon.colcon_core.package_identification:_identify(images) by extensions ['ros']
[0.432s] Level 1:colcon.colcon_core.package_identification:_identify(images) by extension 'ros'
[0.432s] Level 1:colcon.colcon_core.package_identification:_identify(images) by extensions ['cmake', 'python']
[0.432s] Level 1:colcon.colcon_core.package_identification:_identify(images) by extension 'cmake'
[0.432s] Level 1:colcon.colcon_core.package_identification:_identify(images) by extension 'python'
[0.432s] Level 1:colcon.colcon_core.package_identification:_identify(images) by extensions ['python_setup_py']
[0.432s] Level 1:colcon.colcon_core.package_identification:_identify(images) by extension 'python_setup_py'
[0.433s] Level 1:colcon.colcon_core.package_identification:_identify(install) by extensions ['ignore', 'ignore_ament_install']
[0.433s] Level 1:colcon.colcon_core.package_identification:_identify(install) by extension 'ignore'
[0.433s] Level 1:colcon.colcon_core.package_identification:_identify(install) ignored
[0.433s] Level 1:colcon.colcon_core.package_identification:_identify(log) by extensions ['ignore', 'ignore_ament_install']
[0.433s] Level 1:colcon.colcon_core.package_identification:_identify(log) by extension 'ignore'
[0.433s] Level 1:colcon.colcon_core.package_identification:_identify(log) ignored
[0.433s] Level 1:colcon.colcon_core.package_identification:_identify(src) by extensions ['ignore', 'ignore_ament_install']
[0.433s] Level 1:colcon.colcon_core.package_identification:_identify(src) by extension 'ignore'
[0.433s] Level 1:colcon.colcon_core.package_identification:_identify(src) by extension 'ignore_ament_install'
[0.433s] Level 1:colcon.colcon_core.package_identification:_identify(src) by extensions ['colcon_pkg']
[0.433s] Level 1:colcon.colcon_core.package_identification:_identify(src) by extension 'colcon_pkg'
[0.433s] Level 1:colcon.colcon_core.package_identification:_identify(src) by extensions ['colcon_meta']
[0.433s] Level 1:colcon.colcon_core.package_identification:_identify(src) by extension 'colcon_meta'
[0.433s] Level 1:colcon.colcon_core.package_identification:_identify(src) by extensions ['ros']
[0.433s] Level 1:colcon.colcon_core.package_identification:_identify(src) by extension 'ros'
[0.433s] Level 1:colcon.colcon_core.package_identification:_identify(src) by extensions ['cmake', 'python']
[0.433s] Level 1:colcon.colcon_core.package_identification:_identify(src) by extension 'cmake'
[0.433s] Level 1:colcon.colcon_core.package_identification:_identify(src) by extension 'python'
[0.433s] Level 1:colcon.colcon_core.package_identification:_identify(src) by extensions ['python_setup_py']
[0.433s] Level 1:colcon.colcon_core.package_identification:_identify(src) by extension 'python_setup_py'
[0.434s] Level 1:colcon.colcon_core.package_identification:_identify(src/pickplace_rl_mobile) by extensions ['ignore', 'ignore_ament_install']
[0.434s] Level 1:colcon.colcon_core.package_identification:_identify(src/pickplace_rl_mobile) by extension 'ignore'
[0.434s] Level 1:colcon.colcon_core.package_identification:_identify(src/pickplace_rl_mobile) by extension 'ignore_ament_install'
[0.434s] Level 1:colcon.colcon_core.package_identification:_identify(src/pickplace_rl_mobile) by extensions ['colcon_pkg']
[0.434s] Level 1:colcon.colcon_core.package_identification:_identify(src/pickplace_rl_mobile) by extension 'colcon_pkg'
[0.434s] Level 1:colcon.colcon_core.package_identification:_identify(src/pickplace_rl_mobile) by extensions ['colcon_meta']
[0.434s] Level 1:colcon.colcon_core.package_identification:_identify(src/pickplace_rl_mobile) by extension 'colcon_meta'
[0.434s] Level 1:colcon.colcon_core.package_identification:_identify(src/pickplace_rl_mobile) by extensions ['ros']
[0.434s] Level 1:colcon.colcon_core.package_identification:_identify(src/pickplace_rl_mobile) by extension 'ros'
[0.438s] DEBUG:colcon.colcon_core.package_identification:Package 'src/pickplace_rl_mobile' with type 'ros.ament_cmake' and name 'pickplace_rl_mobile'
[0.438s] Level 1:colcon.colcon_core.package_discovery:discover_packages(recursive) using defaults
[0.438s] Level 1:colcon.colcon_core.package_discovery:discover_packages(ignore) discover
[0.438s] Level 1:colcon.colcon_core.package_discovery:discover_packages(ignore) using defaults
[0.438s] Level 1:colcon.colcon_core.package_discovery:discover_packages(path) discover
[0.438s] Level 1:colcon.colcon_core.package_discovery:discover_packages(path) using defaults
[0.463s] Level 1:colcon.colcon_core.package_discovery:discover_packages(prefix_path) check parameters
[0.463s] Level 1:colcon.colcon_core.package_discovery:discover_packages(prefix_path) discover
[0.465s] DEBUG:colcon.colcon_installed_package_information.package_discovery:Found 2 installed packages in /home/asimov/chess-demo/install
[0.466s] DEBUG:colcon.colcon_installed_package_information.package_discovery:Found 271 installed packages in /opt/ros/humble
[0.478s] Level 1:colcon.colcon_core.package_discovery:discover_packages(prefix_path) using defaults
[0.518s] Level 5:colcon.colcon_core.verb:set package 'pickplace_rl_mobile' build argument 'cmake_args' from command line to 'None'
[0.518s] Level 5:colcon.colcon_core.verb:set package 'pickplace_rl_mobile' build argument 'cmake_target' from command line to 'None'
[0.518s] Level 5:colcon.colcon_core.verb:set package 'pickplace_rl_mobile' build argument 'cmake_target_skip_unavailable' from command line to 'False'
[0.518s] Level 5:colcon.colcon_core.verb:set package 'pickplace_rl_mobile' build argument 'cmake_clean_cache' from command line to 'False'
[0.518s] Level 5:colcon.colcon_core.verb:set package 'pickplace_rl_mobile' build argument 'cmake_clean_first' from command line to 'False'
[0.518s] Level 5:colcon.colcon_core.verb:set package 'pickplace_rl_mobile' build argument 'cmake_force_configure' from command line to 'False'
[0.518s] Level 5:colcon.colcon_core.verb:set package 'pickplace_rl_mobile' build argument 'ament_cmake_args' from command line to 'None'
[0.518s] Level 5:colcon.colcon_core.verb:set package 'pickplace_rl_mobile' build argument 'catkin_cmake_args' from command line to 'None'
[0.518s] Level 5:colcon.colcon_core.verb:set package 'pickplace_rl_mobile' build argument 'catkin_skip_building_tests' from command line to 'False'
[0.518s] DEBUG:colcon.colcon_core.verb:Building package 'pickplace_rl_mobile' with the following arguments: {'ament_cmake_args': None, 'build_base': '/home/asimov/pickplace-rl-mobile/build/pickplace_rl_mobile', 'catkin_cmake_args': None, 'catkin_skip_building_tests': False, 'cmake_args': None, 'cmake_clean_cache': False, 'cmake_clean_first': False, 'cmake_force_configure': False, 'cmake_target': None, 'cmake_target_skip_unavailable': False, 'install_base': '/home/asimov/pickplace-rl-mobile/install/pickplace_rl_mobile', 'merge_install': False, 'path': '/home/asimov/pickplace-rl-mobile/src/pickplace_rl_mobile', 'symlink_install': False, 'test_result_base': None}
[0.518s] INFO:colcon.colcon_core.executor:Executing jobs using 'parallel' executor
[0.520s] DEBUG:colcon.colcon_parallel_executor.executor.parallel:run_until_complete
[0.520s] INFO:colcon.colcon_ros.task.ament_cmake.build:Building ROS package in '/home/asimov/pickplace-rl-mobile/src/pickplace_rl_mobile' with build type 'ament_cmake'
[0.520s] INFO:colcon.colcon_cmake.task.cmake.build:Building CMake package in '/home/asimov/pickplace-rl-mobile/src/pickplace_rl_mobile'
[0.524s] INFO:colcon.colcon_core.plugin_system:Skipping extension 'colcon_core.shell.bat': Not used on non-Windows systems
[0.524s] INFO:colcon.colcon_core.shell:Skip shell extension 'powershell' for command environment: Not usable outside of PowerShell
[0.525s] DEBUG:colcon.colcon_core.shell:Skip shell extension 'dsv' for command environment
[0.534s] DEBUG:colcon.colcon_core.event_handler.log_command:Invoking command in '/home/asimov/pickplace-rl-mobile/build/pickplace_rl_mobile': CMAKE_PREFIX_PATH=${CMAKE_PREFIX_PATH}:/opt/ros/humble /usr/bin/cmake /home/asimov/pickplace-rl-mobile/src/pickplace_rl_mobile -DCMAKE_INSTALL_PREFIX=/home/asimov/pickplace-rl-mobile/install/pickplace_rl_mobile
[2.312s] DEBUG:colcon.colcon_core.event_handler.log_command:Invoked command in '/home/asimov/pickplace-rl-mobile/build/pickplace_rl_mobile' returned '0': CMAKE_PREFIX_PATH=${CMAKE_PREFIX_PATH}:/opt/ros/humble /usr/bin/cmake /home/asimov/pickplace-rl-mobile/src/pickplace_rl_mobile -DCMAKE_INSTALL_PREFIX=/home/asimov/pickplace-rl-mobile/install/pickplace_rl_mobile
[2.316s] DEBUG:colcon.colcon_core.event_handler.log_command:Invoking command in '/home/asimov/pickplace-rl-mobile/build/pickplace_rl_mobile': CMAKE_PREFIX_PATH=${CMAKE_PREFIX_PATH}:/opt/ros/humble /usr/bin/cmake --build /home/asimov/pickplace-rl-mobile/build/pickplace_rl_mobile -- -j22 -l22
[2.727s] DEBUG:colcon.colcon_core.event_handler.log_command:Invoked command in '/home/asimov/pickplace-rl-mobile/build/pickplace_rl_mobile' returned '0': CMAKE_PREFIX_PATH=${CMAKE_PREFIX_PATH}:/opt/ros/humble /usr/bin/cmake --build /home/asimov/pickplace-rl-mobile/build/pickplace_rl_mobile -- -j22 -l22
[2.743s] DEBUG:colcon.colcon_core.event_handler.log_command:Invoking command in '/home/asimov/pickplace-rl-mobile/build/pickplace_rl_mobile': CMAKE_PREFIX_PATH=${CMAKE_PREFIX_PATH}:/opt/ros/humble /usr/bin/cmake --install /home/asimov/pickplace-rl-mobile/build/pickplace_rl_mobile
[2.805s] Level 1:colcon.colcon_core.environment:create_environment_scripts_only(pickplace_rl_mobile)
[2.806s] DEBUG:colcon.colcon_core.event_handler.log_command:Invoked command in '/home/asimov/pickplace-rl-mobile/build/pickplace_rl_mobile' returned '0': CMAKE_PREFIX_PATH=${CMAKE_PREFIX_PATH}:/opt/ros/humble /usr/bin/cmake --install /home/asimov/pickplace-rl-mobile/build/pickplace_rl_mobile
[2.810s] Level 1:colcon.colcon_core.environment:checking '/home/asimov/pickplace-rl-mobile/install/pickplace_rl_mobile' for CMake module files
[2.811s] Level 1:colcon.colcon_core.environment:checking '/home/asimov/pickplace-rl-mobile/install/pickplace_rl_mobile' for CMake config files
[2.811s] Level 1:colcon.colcon_core.shell:create_environment_hook('pickplace_rl_mobile', 'cmake_prefix_path')
[2.811s] INFO:colcon.colcon_core.shell:Creating environment hook '/home/asimov/pickplace-rl-mobile/install/pickplace_rl_mobile/share/pickplace_rl_mobile/hook/cmake_prefix_path.ps1'
[2.812s] INFO:colcon.colcon_core.shell:Creating environment descriptor '/home/asimov/pickplace-rl-mobile/install/pickplace_rl_mobile/share/pickplace_rl_mobile/hook/cmake_prefix_path.dsv'
[2.812s] INFO:colcon.colcon_core.shell:Creating environment hook '/home/asimov/pickplace-rl-mobile/install/pickplace_rl_mobile/share/pickplace_rl_mobile/hook/cmake_prefix_path.sh'
[2.813s] Level 1:colcon.colcon_core.environment:checking '/home/asimov/pickplace-rl-mobile/install/pickplace_rl_mobile/bin'
[2.813s] Level 1:colcon.colcon_core.environment:checking '/home/asimov/pickplace-rl-mobile/install/pickplace_rl_mobile/lib/pkgconfig/pickplace_rl_mobile.pc'
[2.814s] Level 1:colcon.colcon_core.environment:checking '/home/asimov/pickplace-rl-mobile/install/pickplace_rl_mobile/lib/python3.10/site-packages'
[2.814s] Level 1:colcon.colcon_core.environment:checking '/home/asimov/pickplace-rl-mobile/install/pickplace_rl_mobile/bin'
[2.814s] INFO:colcon.colcon_core.shell:Creating package script '/home/asimov/pickplace-rl-mobile/install/pickplace_rl_mobile/share/pickplace_rl_mobile/package.ps1'
[2.816s] INFO:colcon.colcon_core.shell:Creating package descriptor '/home/asimov/pickplace-rl-mobile/install/pickplace_rl_mobile/share/pickplace_rl_mobile/package.dsv'
[2.817s] INFO:colcon.colcon_core.shell:Creating package script '/home/asimov/pickplace-rl-mobile/install/pickplace_rl_mobile/share/pickplace_rl_mobile/package.sh'
[2.819s] INFO:colcon.colcon_core.shell:Creating package script '/home/asimov/pickplace-rl-mobile/install/pickplace_rl_mobile/share/pickplace_rl_mobile/package.bash'
[2.820s] INFO:colcon.colcon_core.shell:Creating package script '/home/asimov/pickplace-rl-mobile/install/pickplace_rl_mobile/share/pickplace_rl_mobile/package.zsh'
[2.820s] Level 1:colcon.colcon_core.environment:create_file_with_runtime_dependencies(/home/asimov/pickplace-rl-mobile/install/pickplace_rl_mobile/share/colcon-core/packages/pickplace_rl_mobile)
[2.821s] Level 1:colcon.colcon_core.environment:create_environment_scripts_only(pickplace_rl_mobile)
[2.822s] Level 1:colcon.colcon_core.environment:checking '/home/asimov/pickplace-rl-mobile/install/pickplace_rl_mobile' for CMake module files
[2.822s] Level 1:colcon.colcon_core.environment:checking '/home/asimov/pickplace-rl-mobile/install/pickplace_rl_mobile' for CMake config files
[2.822s] Level 1:colcon.colcon_core.shell:create_environment_hook('pickplace_rl_mobile', 'cmake_prefix_path')
[2.823s] INFO:colcon.colcon_core.shell:Creating environment hook '/home/asimov/pickplace-rl-mobile/install/pickplace_rl_mobile/share/pickplace_rl_mobile/hook/cmake_prefix_path.ps1'
[2.823s] INFO:colcon.colcon_core.shell:Creating environment descriptor '/home/asimov/pickplace-rl-mobile/install/pickplace_rl_mobile/share/pickplace_rl_mobile/hook/cmake_prefix_path.dsv'
[2.823s] INFO:colcon.colcon_core.shell:Creating environment hook '/home/asimov/pickplace-rl-mobile/install/pickplace_rl_mobile/share/pickplace_rl_mobile/hook/cmake_prefix_path.sh'
[2.824s] Level 1:colcon.colcon_core.environment:checking '/home/asimov/pickplace-rl-mobile/install/pickplace_rl_mobile/bin'
[2.824s] Level 1:colcon.colcon_core.environment:checking '/home/asimov/pickplace-rl-mobile/install/pickplace_rl_mobile/lib/pkgconfig/pickplace_rl_mobile.pc'
[2.825s] Level 1:colcon.colcon_core.environment:checking '/home/asimov/pickplace-rl-mobile/install/pickplace_rl_mobile/lib/python3.10/site-packages'
[2.825s] Level 1:colcon.colcon_core.environment:checking '/home/asimov/pickplace-rl-mobile/install/pickplace_rl_mobile/bin'
[2.825s] INFO:colcon.colcon_core.shell:Creating package script '/home/asimov/pickplace-rl-mobile/install/pickplace_rl_mobile/share/pickplace_rl_mobile/package.ps1'
[2.827s] INFO:colcon.colcon_core.shell:Creating package descriptor '/home/asimov/pickplace-rl-mobile/install/pickplace_rl_mobile/share/pickplace_rl_mobile/package.dsv'
[2.827s] INFO:colcon.colcon_core.shell:Creating package script '/home/asimov/pickplace-rl-mobile/install/pickplace_rl_mobile/share/pickplace_rl_mobile/package.sh'
[2.828s] INFO:colcon.colcon_core.shell:Creating package script '/home/asimov/pickplace-rl-mobile/install/pickplace_rl_mobile/share/pickplace_rl_mobile/package.bash'
[2.828s] INFO:colcon.colcon_core.shell:Creating package script '/home/asimov/pickplace-rl-mobile/install/pickplace_rl_mobile/share/pickplace_rl_mobile/package.zsh'
[2.829s] Level 1:colcon.colcon_core.environment:create_file_with_runtime_dependencies(/home/asimov/pickplace-rl-mobile/install/pickplace_rl_mobile/share/colcon-core/packages/pickplace_rl_mobile)
[2.829s] DEBUG:colcon.colcon_parallel_executor.executor.parallel:closing loop
[2.829s] DEBUG:colcon.colcon_parallel_executor.executor.parallel:loop closed
[2.829s] DEBUG:colcon.colcon_parallel_executor.executor.parallel:run_until_complete finished with '0'
[2.829s] DEBUG:colcon.colcon_core.event_reactor:joining thread
[2.840s] INFO:colcon.colcon_core.plugin_system:Skipping extension 'colcon_notification.desktop_notification.terminal_notifier': Not used on non-Darwin systems
[2.841s] INFO:colcon.colcon_core.plugin_system:Skipping extension 'colcon_notification.desktop_notification.win32': Not used on non-Windows systems
[2.841s] INFO:colcon.colcon_notification.desktop_notification:Sending desktop notification using 'notify2'
[2.864s] DEBUG:colcon.colcon_core.event_reactor:joined thread
[2.864s] INFO:colcon.colcon_core.shell:Creating prefix script '/home/asimov/pickplace-rl-mobile/install/local_setup.ps1'
[2.866s] INFO:colcon.colcon_core.shell:Creating prefix util module '/home/asimov/pickplace-rl-mobile/install/_local_setup_util_ps1.py'
[2.868s] INFO:colcon.colcon_core.shell:Creating prefix chain script '/home/asimov/pickplace-rl-mobile/install/setup.ps1'
[2.869s] INFO:colcon.colcon_core.shell:Creating prefix script '/home/asimov/pickplace-rl-mobile/install/local_setup.sh'
[2.871s] INFO:colcon.colcon_core.shell:Creating prefix util module '/home/asimov/pickplace-rl-mobile/install/_local_setup_util_sh.py'
[2.871s] INFO:colcon.colcon_core.shell:Creating prefix chain script '/home/asimov/pickplace-rl-mobile/install/setup.sh'
[2.873s] INFO:colcon.colcon_core.shell:Creating prefix script '/home/asimov/pickplace-rl-mobile/install/local_setup.bash'
[2.873s] INFO:colcon.colcon_core.shell:Creating prefix chain script '/home/asimov/pickplace-rl-mobile/install/setup.bash'
[2.875s] INFO:colcon.colcon_core.shell:Creating prefix script '/home/asimov/pickplace-rl-mobile/install/local_setup.zsh'
[2.875s] INFO:colcon.colcon_core.shell:Creating prefix chain script '/home/asimov/pickplace-rl-mobile/install/setup.zsh'
